2015/10/14 01:46:25 Log: delete Task: 2
2015/10/14 02:02:32 Log: delete Task: 1
2015/10/14 12:01:10 Log: addTask: test Float
2015/10/14 12:01:10 Log: add deadline: test Deadline by 11/11/2015 11:11
2015/10/14 12:01:10 Log: add schedule: test Schedule from 11/11/2015 11:11 to 11/11/2015 12:12
2015/10/14 12:01:10 Log: delete Task: updated test Float
2015/10/14 12:01:10 Log: delete deadline: updated test Deadline
2015/10/14 12:01:10 Log: delete schedule: updated test Schedule
2015/10/14 12:01:10 Log: add schedule: updated test Schedule
2015/10/14 12:01:10 Log: add deadline: updated test Deadline
2015/10/14 12:01:10 Log: addTask: updated test Float
2015/10/14 12:01:10 Log: delete schedule: test Schedule from 11/11/2015 11:11 to 11/11/2015 12:12
2015/10/14 12:01:10 Log: delete deadline: test Deadline by 11/11/2015 11:11
2015/10/14 12:01:10 Log: delete Task: test Float
2015/10/18 20:22:07 Log: addTask: test Float
2015/10/18 20:22:08 Log: add deadline: test Deadline by 11/11/2015 11:11
2015/10/18 20:22:08 Log: add schedule: test Schedule from 11/11/2015 11:11 to 11/11/2015 12:12
2015/10/18 20:22:08 Log: delete Task: updated test Float
2015/10/18 20:22:08 Log: delete deadline: updated test Deadline
2015/10/18 20:22:08 Log: delete schedule: updated test Schedule
2015/10/18 20:22:08 Log: add schedule: updated test Schedule
2015/10/18 20:22:08 Log: add deadline: updated test Deadline
2015/10/18 20:22:08 Log: addTask: updated test Float
2015/10/18 20:22:08 Log: delete schedule: test Schedule from 11/11/2015 11:11 to 11/11/2015 12:12
2015/10/18 20:22:08 Log: delete deadline: test Deadline by 11/11/2015 11:11
2015/10/18 20:22:08 Log: delete Task: test Float
2015/10/18 23:58:09 Log: addTask: school sucks
2015/10/18 23:58:29 Log: add deadline: i can't even sleep by 19/10/2015 01:00
2015/10/18 23:58:55 Log: add schedule: how i would wish to sleep from 19/10/2015 00:00 to 19/10/2015 12:00
2015/10/19 00:01:43 Log: addTask: test Float
2015/10/19 00:01:43 Log: add deadline: test Deadline by 11/11/2015 11:11
2015/10/19 00:01:43 Log: add schedule: test Schedule from 11/11/2015 11:11 to 11/11/2015 12:12
2015/10/19 00:01:43 Log: delete Task: updated test Float
2015/10/19 00:01:43 Log: delete deadline: updated test Deadline
2015/10/19 00:01:43 Log: delete schedule: updated test Schedule
2015/10/19 00:01:43 Log: add schedule: updated test Schedule
2015/10/19 00:01:43 Log: add deadline: updated test Deadline
2015/10/19 00:01:43 Log: addTask: updated test Float
2015/10/19 00:01:43 Log: delete schedule: test Schedule from 11/11/2015 11:11 to 11/11/2015 12:12
2015/10/19 00:01:43 Log: delete deadline: test Deadline by 11/11/2015 11:11
2015/10/19 00:01:43 Log: delete Task: test Float
2015/10/19 00:01:57 Log: addTask: test Float
2015/10/19 00:01:57 Log: add deadline: test Deadline by 11/11/2015 11:11
2015/10/19 00:01:57 Log: add schedule: test Schedule from 11/11/2015 11:11 to 11/11/2015 12:12
2015/10/19 00:01:57 Log: delete Task: updated test Float
2015/10/19 00:01:57 Log: delete deadline: updated test Deadline
2015/10/19 00:01:57 Log: delete schedule: updated test Schedule
2015/10/19 00:01:57 Log: add schedule: updated test Schedule
2015/10/19 00:01:57 Log: add deadline: updated test Deadline
2015/10/19 00:01:57 Log: addTask: updated test Float
2015/10/19 00:01:57 Log: delete schedule: test Schedule from 11/11/2015 11:11 to 11/11/2015 12:12
2015/10/19 00:01:57 Log: delete deadline: test Deadline by 11/11/2015 11:11
2015/10/19 00:01:57 Log: delete Task: test Float
2015/10/19 00:45:14 Log: add deadline: test test by 19/10/2015 00:00
2015/10/19 00:46:28 Log: add schedule: test test 
2015/10/19 01:01:50 Log: add deadline: try deadline 
2015/10/19 01:06:02 Log: delete deadline: test test by 19/10/2015 00:00
2015/10/19 01:18:39 Log: addTask: balls balls balls
